<?xml version="1.0" encoding="UTF-8"?><testsuites time="486.104"><testsuite name=" Verifying for Session div error" tests="4" failures="0" errors="0" time="83.149" timestamp="2016-04-18T11:44:39.135Z" package="other_functionalities/tc_13.1.1"><testcase name="Github page has been loaded" classname="other_functionalities/tc_13.1.1" time="23.11"/><testcase name="the element Shareable Link exists" classname="other_functionalities/tc_13.1.1" time="39.174"/><testcase name="Logout button exists" classname="other_functionalities/tc_13.1.1" time="15.093"/><testcase name="Session div has produced expected error message" classname="other_functionalities/tc_13.1.1" time="5.772"/><system-out></system-out></testsuite><testsuite name="The commands present in a notebook " tests="6" failures="1" errors="0" time="135.878" timestamp="2016-04-18T11:44:39.137Z" package="other_functionalities/tc_24.1.1"><testcase name="RCloud Home page already loaded" classname="other_functionalities/tc_24.1.1" time="25.747"/><testcase name="the element Shareable Link exists" classname="other_functionalities/tc_24.1.1" time="24.544"/><testcase name="Logout button exists" classname="other_functionalities/tc_24.1.1" time="15.099"/><testcase name="created new cell" classname="other_functionalities/tc_24.1.1" time="14.202"/><testcase name="created new cell" classname="other_functionalities/tc_24.1.1" time="16.594"/><testcase name="Cannot dispatch mousedown event on nonexistent selector: [object Object]" classname="other_functionalities/tc_24.1.1" time="39.692"><failure type="uncaughtError">Cannot dispatch mousedown event on nonexistent selector: [object Object]</failure></testcase><system-out></system-out></testsuite><testsuite name="An empty cell does not get saved on switching to a different notebook" tests="5" failures="0" errors="0" time="114.673" timestamp="2016-04-18T11:44:39.138Z" package="other_functionalities/tc_26.1.1"><testcase name="RCloud Home page already loaded" classname="other_functionalities/tc_26.1.1" time="26.206"/><testcase name="the element Shareable Link exists" classname="other_functionalities/tc_26.1.1" time="24.554"/><testcase name="Logout button exists" classname="other_functionalities/tc_26.1.1" time="15.102"/><testcase name="created new cell" classname="other_functionalities/tc_26.1.1" time="14.172"/><testcase name="Verified that the newly created empty cell is not saved" classname="other_functionalities/tc_26.1.1" time="34.639"/><system-out></system-out></testsuite><testsuite name="Inserting a new cell in between" tests="8" failures="2" errors="0" time="152.404" timestamp="2016-04-18T11:44:39.139Z" package="other_functionalities/tc_27.1.1"><testcase name="RCloud Home page already loaded" classname="other_functionalities/tc_27.1.1" time="26.28"/><testcase name="the element Shareable Link exists" classname="other_functionalities/tc_27.1.1" time="24.548"/><testcase name="Logout button exists" classname="other_functionalities/tc_27.1.1" time="15.098"/><testcase name="created new cell" classname="other_functionalities/tc_27.1.1" time="14.181"/><testcase name="created new cell" classname="other_functionalities/tc_27.1.1" time="10.585"/><testcase name="Notebook opened in GitHub" classname="other_functionalities/tc_27.1.1" time="52.631"/><testcase name="Cannot get informations from #part2.R &gt; div:nth-child(3) &gt; div:nth-child(1) &gt; div:nth-child(2) &gt; div:nth-child(1) &gt; div:nth-child(3) &gt; div:nth-child(1): element not found." classname="other_functionalities/tc_27.1.1" time="4.056"><failure type="uncaughtError">Cannot get informations from #part2.R &gt; div:nth-child(3) &gt; div:nth-child(1) &gt; div:nth-child(2) &gt; div:nth-child(1) &gt; div:nth-child(3) &gt; div:nth-child(1): element not found.</failure></testcase><testcase name="&quot;#part2.R &gt; div:nth-child(1) &gt; span:nth-child(1) &gt; i:nth-child(1)&quot; still did not exist in 5000ms" classname="other_functionalities/tc_27.1.1" time="5.025"><failure type="uncaughtError">"#part2.R &gt; div:nth-child(1) &gt; span:nth-child(1) &gt; i:nth-child(1)" still did not exist in 5000ms</failure></testcase><system-out></system-out></testsuite></testsuites>