<?xml version="1.0" encoding="UTF-8"?><testsuites time="797.461"><testsuite name="Creating a python cell" tests="4" failures="0" errors="0" time="90.395" timestamp="2016-04-19T05:24:35.610Z" package="python_cells/tc_28.1.1"><testcase name="Github page has been loaded" classname="python_cells/tc_28.1.1" time="21.231"/><testcase name="the element Shareable Link exists" classname="python_cells/tc_28.1.1" time="42.823"/><testcase name="Logout button exists" classname="python_cells/tc_28.1.1" time="15.091"/><testcase name="created new cell" classname="python_cells/tc_28.1.1" time="11.25"/><system-out></system-out></testsuite><testsuite name="Executing a python cell with valid python code" tests="5" failures="1" errors="0" time="102.246" timestamp="2016-04-19T05:24:35.611Z" package="python_cells/tc_28.1.2"><testcase name="RCloud Home page already loaded" classname="python_cells/tc_28.1.2" time="31.898"/><testcase name="the element Shareable Link exists" classname="python_cells/tc_28.1.2" time="24.547"/><testcase name="Logout button exists" classname="python_cells/tc_28.1.2" time="15.09"/><testcase name="created new cell" classname="python_cells/tc_28.1.2" time="11.257"/><testcase name="Python code has produced expected output" classname="python_cells/tc_28.1.2" time="19.454"><failure type="assertSelectorHasText">Python code has produced expected output</failure></testcase><system-out></system-out></testsuite><testsuite name="Executing a python cell with invalid python code" tests="5" failures="0" errors="0" time="131.346" timestamp="2016-04-19T05:24:35.612Z" package="python_cells/tc_28.1.3"><testcase name="RCloud Home page already loaded" classname="python_cells/tc_28.1.3" time="29.099"/><testcase name="the element Shareable Link exists" classname="python_cells/tc_28.1.3" time="56.648"/><testcase name="Logout button exists" classname="python_cells/tc_28.1.3" time="15.088"/><testcase name="created new cell" classname="python_cells/tc_28.1.3" time="11.248"/><testcase name="Python code has produced Error for invalid code" classname="python_cells/tc_28.1.3" time="19.263"/><system-out></system-out></testsuite><testsuite name=" Create an Asset and run a python code" tests="6" failures="2" errors="0" time="121.939" timestamp="2016-04-19T05:24:35.613Z" package="python_cells/tc_28.2.1"><testcase name="RCloud Home page already loaded" classname="python_cells/tc_28.2.1" time="29.351"/><testcase name="the element Shareable Link exists" classname="python_cells/tc_28.2.1" time="35.329"/><testcase name="Logout button exists" classname="python_cells/tc_28.2.1" time="15.102"/><testcase name="created new cell" classname="python_cells/tc_28.2.1" time="30.005"/><testcase name="Cell is not present to pass the code content" classname="python_cells/tc_28.2.1" time="7.125"><failure type="fail">Cell is not present to pass the code content</failure></testcase><testcase name="Find an element matching: .r-result-div &gt; pre:nth-child(1) &gt; code:nth-child(1)" classname="python_cells/tc_28.2.1" time="5.027"><failure type="assertExists">no message left</failure></testcase><system-out></system-out></testsuite><testsuite name="Upload an Asset and run a python code" tests="5" failures="0" errors="0" time="117.44" timestamp="2016-04-19T05:24:35.614Z" package="python_cells/tc_28.2.2"><testcase name="RCloud Home page already loaded" classname="python_cells/tc_28.2.2" time="25.077"/><testcase name="the element Shareable Link exists" classname="python_cells/tc_28.2.2" time="24.645"/><testcase name="Logout button exists" classname="python_cells/tc_28.2.2" time="15.08"/><testcase name="created new cell" classname="python_cells/tc_28.2.2" time="30.443"/><testcase name="Python code has produced expected output" classname="python_cells/tc_28.2.2" time="22.195"/><system-out></system-out></testsuite><testsuite name="Import External Notebooks having python codes" tests="6" failures="1" errors="0" time="104.942" timestamp="2016-04-19T05:24:35.620Z" package="python_cells/tc_28.3.1"><testcase name="RCloud Home page already loaded" classname="python_cells/tc_28.3.1" time="25.276"/><testcase name="the element Shareable Link exists" classname="python_cells/tc_28.3.1" time="24.588"/><testcase name="Logout button exists" classname="python_cells/tc_28.3.1" time="15.087"/><testcase name="created new cell" classname="python_cells/tc_28.3.1" time="17.701"/><testcase name="Python code has produced expected output" classname="python_cells/tc_28.3.1" time="22.29"/><testcase name="Import External Notebooks having python codes: 4 tests planned, 5 tests executed" classname="python_cells/tc_28.3.1" time="0"><failure type="dubious">no message left</failure></testcase><system-out>Import External Notebooks having python codes: 4 tests planned, 5 tests executed</system-out></testsuite><testsuite name="Splitting a python cell" tests="10" failures="4" errors="0" time="129.153" timestamp="2016-04-19T05:24:35.620Z" package="python_cells/tc_28.6.1"><testcase name="RCloud Home page already loaded" classname="python_cells/tc_28.6.1" time="44.945"/><testcase name="the element Shareable Link exists" classname="python_cells/tc_28.6.1" time="24.536"/><testcase name="Logout button exists" classname="python_cells/tc_28.6.1" time="15.165"/><testcase name="created new cell" classname="python_cells/tc_28.6.1" time="16.127"/><testcase name="created new cell" classname="python_cells/tc_28.6.1" time="14.157"/><testcase name="Second cells doesnot exists" classname="python_cells/tc_28.6.1" time="0.02"/><testcase name="Cannot get informations from [object Object]: element not found." classname="python_cells/tc_28.6.1" time="7.097"><failure type="uncaughtError">Cannot get informations from [object Object]: element not found.</failure></testcase><testcase name="Cannot get informations from [object Object]: element not found." classname="python_cells/tc_28.6.1" time="7.025"><failure type="uncaughtError">Cannot get informations from [object Object]: element not found.</failure></testcase><testcase name="Cannot dispatch mousedown event on nonexistent selector: [object Object]" classname="python_cells/tc_28.6.1" time="0.02"><failure type="uncaughtError">Cannot dispatch mousedown event on nonexistent selector: [object Object]</failure></testcase><testcase name="Second cells exists after splitting" classname="python_cells/tc_28.6.1" time="0.061"><failure type="assertExists">Second cells exists after splitting</failure></testcase><system-out></system-out></testsuite></testsuites>