<?xml version="1.0" encoding="UTF-8"?><testsuites time="333.67"><testsuite name="Dropdown button" tests="7" failures="0" errors="0" time="75.221" timestamp="2016-06-28T10:03:40.755Z" package="new_shareable_link/tc_34.1.1"><testcase name="Github page has been loaded" classname="new_shareable_link/tc_34.1.1" time="20.916"/><testcase name="the element Shareable Link exists" classname="new_shareable_link/tc_34.1.1" time="39.138"/><testcase name="Logout button exists" classname="new_shareable_link/tc_34.1.1" time="5.095"/><testcase name="view.html found" classname="new_shareable_link/tc_34.1.1" time="10.062"/><testcase name="notebook.R found" classname="new_shareable_link/tc_34.1.1" time="0.004"/><testcase name="mini.html found" classname="new_shareable_link/tc_34.1.1" time="0.002"/><testcase name="shiny.html found" classname="new_shareable_link/tc_34.1.1" time="0.004"/><system-out></system-out></testsuite><testsuite name="notebook.R test" tests="9" failures="1" errors="0" time="98.725" timestamp="2016-06-28T10:03:40.756Z" package="new_shareable_link/tc_34.2.1"><testcase name="RCloud Home page already loaded" classname="new_shareable_link/tc_34.2.1" time="39.988"/><testcase name="the element Shareable Link exists" classname="new_shareable_link/tc_34.2.1" time="20.606"/><testcase name="Logout button exists" classname="new_shareable_link/tc_34.2.1" time="5.101"/><testcase name="Notebook opened" classname="new_shareable_link/tc_34.2.1" time="4.041"/><testcase name="Fork option exists" classname="new_shareable_link/tc_34.2.1" time="5.18"/><testcase name="Fork option clicked" classname="new_shareable_link/tc_34.2.1" time="0.011"/><testcase name="notebook.R.html link is opened" classname="new_shareable_link/tc_34.2.1" time="18.716"/><testcase name="Required element found hence &quot;Notebook.R&quot; opened successfully" classname="new_shareable_link/tc_34.2.1" time="5.082"/><testcase name="notebook.R test: 7 tests planned, 8 tests executed" classname="new_shareable_link/tc_34.2.1" time="0"><failure type="dubious">no message left</failure></testcase><system-out>notebook.R test: 7 tests planned, 8 tests executed</system-out></testsuite><testsuite name="shiny.html test" tests="8" failures="1" errors="0" time="82.152" timestamp="2016-06-28T10:03:40.758Z" package="new_shareable_link/tc_34.3.1"><testcase name="RCloud Home page already loaded" classname="new_shareable_link/tc_34.3.1" time="23.903"/><testcase name="the element Shareable Link exists" classname="new_shareable_link/tc_34.3.1" time="19.556"/><testcase name="Logout button exists" classname="new_shareable_link/tc_34.3.1" time="5.1"/><testcase name="Notebook opened" classname="new_shareable_link/tc_34.3.1" time="4.041"/><testcase name="Fork option exists" classname="new_shareable_link/tc_34.3.1" time="5.259"/><testcase name="Fork option clicked" classname="new_shareable_link/tc_34.3.1" time="0.019"/><testcase name="shiny.html link is opened" classname="new_shareable_link/tc_34.3.1" time="14.236"/><testcase name="&quot;.col-sm-12 &gt; h1:nth-child(1)&quot; still did not exist in 5000ms" classname="new_shareable_link/tc_34.3.1" time="10.038"><failure type="uncaughtError">".col-sm-12 &gt; h1:nth-child(1)" still did not exist in 5000ms</failure></testcase><system-out></system-out></testsuite><testsuite name="mini.html test" tests="8" failures="0" errors="0" time="77.572" timestamp="2016-06-28T10:03:40.759Z" package="new_shareable_link/tc_34.4.1"><testcase name="RCloud Home page already loaded" classname="new_shareable_link/tc_34.4.1" time="23.974"/><testcase name="the element Shareable Link exists" classname="new_shareable_link/tc_34.4.1" time="19.581"/><testcase name="Logout button exists" classname="new_shareable_link/tc_34.4.1" time="5.101"/><testcase name="Notebook opened" classname="new_shareable_link/tc_34.4.1" time="4.044"/><testcase name="Fork option exists" classname="new_shareable_link/tc_34.4.1" time="5.415"/><testcase name="Fork option clicked" classname="new_shareable_link/tc_34.4.1" time="0.012"/><testcase name="mini.html link is opened" classname="new_shareable_link/tc_34.4.1" time="14.354"/><testcase name="Required element found hence &quot;Mini.html&quot; notebook opened successfully" classname="new_shareable_link/tc_34.4.1" time="5.091"/><system-out></system-out></testsuite></testsuites>